[2020-08-16T22:42:21.756] [INFO] access - ::1 - - "GET / HTTP/1.1" 302 43 "" "Mozilla/5.0 (Macintosh; Intel Mac OS X 10_14_6) AppleWebKit/537.36 (KHTML, like Gecko) Chrome/84.0.4147.125 Safari/537.36"
[2020-08-16T22:42:21.774] [INFO] access - ::1 - - "GET /login HTTP/1.1" 200 1157 "" "Mozilla/5.0 (Macintosh; Intel Mac OS X 10_14_6) AppleWebKit/537.36 (KHTML, like Gecko) Chrome/84.0.4147.125 Safari/537.36"
[2020-08-16T22:42:25.368] [INFO] access - ::1 - - "POST /login HTTP/1.1" 302 33 "http://localhost:3000/login" "Mozilla/5.0 (Macintosh; Intel Mac OS X 10_14_6) AppleWebKit/537.36 (KHTML, like Gecko) Chrome/84.0.4147.125 Safari/537.36"
[2020-08-16T22:42:25.376] [INFO] access - ::1 - - "GET / HTTP/1.1" 200 467 "http://localhost:3000/login" "Mozilla/5.0 (Macintosh; Intel Mac OS X 10_14_6) AppleWebKit/537.36 (KHTML, like Gecko) Chrome/84.0.4147.125 Safari/537.36"
[2020-08-16T22:42:28.839] [INFO] access - ::1 - - "GET /index HTTP/1.1" 200 467 "http://localhost:3000/" "Mozilla/5.0 (Macintosh; Intel Mac OS X 10_14_6) AppleWebKit/537.36 (KHTML, like Gecko) Chrome/84.0.4147.125 Safari/537.36"
[2020-08-16T22:42:29.775] [INFO] access - ::1 - - "GET /userList HTTP/1.1" 200 2892 "http://localhost:3000/index" "Mozilla/5.0 (Macintosh; Intel Mac OS X 10_14_6) AppleWebKit/537.36 (KHTML, like Gecko) Chrome/84.0.4147.125 Safari/537.36"
[2020-08-16T22:42:29.816] [INFO] access - ::1 - - "GET /jquery-3.5.1.min.js HTTP/1.1" 200 89475 "http://localhost:3000/userList" "Mozilla/5.0 (Macintosh; Intel Mac OS X 10_14_6) AppleWebKit/537.36 (KHTML, like Gecko) Chrome/84.0.4147.125 Safari/537.36"
[2020-08-16T22:42:29.861] [INFO] access - ::1 - - "GET /user/list HTTP/1.1" 200 129 "http://localhost:3000/userList" "Mozilla/5.0 (Macintosh; Intel Mac OS X 10_14_6) AppleWebKit/537.36 (KHTML, like Gecko) Chrome/84.0.4147.125 Safari/537.36"
[2020-08-16T22:44:03.255] [INFO] access - ::1 - - "GET / HTTP/1.1" 302 43 "http://localhost:3000/login" "Mozilla/5.0 (Macintosh; Intel Mac OS X 10_14_6) AppleWebKit/537.36 (KHTML, like Gecko) Chrome/84.0.4147.125 Safari/537.36"
[2020-08-16T22:44:03.273] [INFO] access - ::1 - - "GET /login HTTP/1.1" 200 1157 "http://localhost:3000/login" "Mozilla/5.0 (Macintosh; Intel Mac OS X 10_14_6) AppleWebKit/537.36 (KHTML, like Gecko) Chrome/84.0.4147.125 Safari/537.36"
[2020-08-16T22:44:03.500] [INFO] access - ::1 - - "GET /login HTTP/1.1" 200 1157 "http://localhost:3000/login" "Mozilla/5.0 (Macintosh; Intel Mac OS X 10_14_6) AppleWebKit/537.36 (KHTML, like Gecko) Chrome/84.0.4147.125 Safari/537.36"
[2020-08-16T22:44:05.890] [INFO] access - ::1 - - "POST /login HTTP/1.1" 302 33 "http://localhost:3000/login" "Mozilla/5.0 (Macintosh; Intel Mac OS X 10_14_6) AppleWebKit/537.36 (KHTML, like Gecko) Chrome/84.0.4147.125 Safari/537.36"
[2020-08-16T22:44:05.899] [INFO] access - ::1 - - "GET / HTTP/1.1" 200 467 "http://localhost:3000/login" "Mozilla/5.0 (Macintosh; Intel Mac OS X 10_14_6) AppleWebKit/537.36 (KHTML, like Gecko) Chrome/84.0.4147.125 Safari/537.36"
[2020-08-16T22:45:06.235] [INFO] access - ::1 - - "GET / HTTP/1.1" 302 43 "http://localhost:3000/login" "Mozilla/5.0 (Macintosh; Intel Mac OS X 10_14_6) AppleWebKit/537.36 (KHTML, like Gecko) Chrome/84.0.4147.125 Safari/537.36"
[2020-08-16T22:45:06.252] [INFO] access - ::1 - - "GET /login HTTP/1.1" 200 1157 "http://localhost:3000/login" "Mozilla/5.0 (Macintosh; Intel Mac OS X 10_14_6) AppleWebKit/537.36 (KHTML, like Gecko) Chrome/84.0.4147.125 Safari/537.36"
[2020-08-16T22:45:06.442] [INFO] access - ::1 - - "GET /login HTTP/1.1" 200 1157 "http://localhost:3000/login" "Mozilla/5.0 (Macintosh; Intel Mac OS X 10_14_6) AppleWebKit/537.36 (KHTML, like Gecko) Chrome/84.0.4147.125 Safari/537.36"
[2020-08-16T22:45:11.434] [INFO] access - ::1 - - "POST /login HTTP/1.1" 302 33 "http://localhost:3000/login" "Mozilla/5.0 (Macintosh; Intel Mac OS X 10_14_6) AppleWebKit/537.36 (KHTML, like Gecko) Chrome/84.0.4147.125 Safari/537.36"
[2020-08-16T22:45:11.443] [INFO] access - ::1 - - "GET / HTTP/1.1" 200 467 "http://localhost:3000/login" "Mozilla/5.0 (Macintosh; Intel Mac OS X 10_14_6) AppleWebKit/537.36 (KHTML, like Gecko) Chrome/84.0.4147.125 Safari/537.36"
[2020-08-16T22:46:03.130] [INFO] access - ::1 - - "GET / HTTP/1.1" 302 43 "http://localhost:3000/login" "Mozilla/5.0 (Macintosh; Intel Mac OS X 10_14_6) AppleWebKit/537.36 (KHTML, like Gecko) Chrome/84.0.4147.125 Safari/537.36"
[2020-08-16T22:46:03.147] [INFO] access - ::1 - - "GET /login HTTP/1.1" 200 1157 "http://localhost:3000/login" "Mozilla/5.0 (Macintosh; Intel Mac OS X 10_14_6) AppleWebKit/537.36 (KHTML, like Gecko) Chrome/84.0.4147.125 Safari/537.36"
[2020-08-16T22:46:03.344] [INFO] access - ::1 - - "GET /login HTTP/1.1" 200 1157 "http://localhost:3000/login" "Mozilla/5.0 (Macintosh; Intel Mac OS X 10_14_6) AppleWebKit/537.36 (KHTML, like Gecko) Chrome/84.0.4147.125 Safari/537.36"
[2020-08-16T22:46:07.715] [INFO] access - ::1 - - "POST /login HTTP/1.1" 302 33 "http://localhost:3000/login" "Mozilla/5.0 (Macintosh; Intel Mac OS X 10_14_6) AppleWebKit/537.36 (KHTML, like Gecko) Chrome/84.0.4147.125 Safari/537.36"
[2020-08-16T22:46:07.724] [INFO] access - ::1 - - "GET / HTTP/1.1" 200 467 "http://localhost:3000/login" "Mozilla/5.0 (Macintosh; Intel Mac OS X 10_14_6) AppleWebKit/537.36 (KHTML, like Gecko) Chrome/84.0.4147.125 Safari/537.36"
[2020-08-16T22:46:42.571] [INFO] access - ::1 - - "GET / HTTP/1.1" 302 43 "http://localhost:3000/login" "Mozilla/5.0 (Macintosh; Intel Mac OS X 10_14_6) AppleWebKit/537.36 (KHTML, like Gecko) Chrome/84.0.4147.125 Safari/537.36"
[2020-08-16T22:46:42.591] [INFO] access - ::1 - - "GET /login HTTP/1.1" 200 1157 "http://localhost:3000/login" "Mozilla/5.0 (Macintosh; Intel Mac OS X 10_14_6) AppleWebKit/537.36 (KHTML, like Gecko) Chrome/84.0.4147.125 Safari/537.36"
[2020-08-16T22:46:45.000] [INFO] access - ::1 - - "POST /login HTTP/1.1" 302 33 "http://localhost:3000/login" "Mozilla/5.0 (Macintosh; Intel Mac OS X 10_14_6) AppleWebKit/537.36 (KHTML, like Gecko) Chrome/84.0.4147.125 Safari/537.36"
[2020-08-16T22:46:45.009] [INFO] access - ::1 - - "GET / HTTP/1.1" 200 467 "http://localhost:3000/login" "Mozilla/5.0 (Macintosh; Intel Mac OS X 10_14_6) AppleWebKit/537.36 (KHTML, like Gecko) Chrome/84.0.4147.125 Safari/537.36"
