[2020-08-23T22:33:24.736] [INFO] access - ::1 - - "GET /userList HTTP/1.1" 200 2736 "http://localhost:3000/" "Mozilla/5.0 (Macintosh; Intel Mac OS X 10_14_6) AppleWebKit/537.36 (KHTML, like Gecko) Chrome/84.0.4147.135 Safari/537.36"
[2020-08-23T22:33:25.090] [INFO] access - ::1 - - "GET /index.css HTTP/1.1" 200 60 "http://localhost:3000/userList" "Mozilla/5.0 (Macintosh; Intel Mac OS X 10_14_6) AppleWebKit/537.36 (KHTML, like Gecko) Chrome/84.0.4147.135 Safari/537.36"
[2020-08-23T22:33:25.091] [INFO] access - ::1 - - "GET /jquery-3.5.1.min.js HTTP/1.1" 200 89475 "http://localhost:3000/userList" "Mozilla/5.0 (Macintosh; Intel Mac OS X 10_14_6) AppleWebKit/537.36 (KHTML, like Gecko) Chrome/84.0.4147.135 Safari/537.36"
[2020-08-23T22:33:25.338] [INFO] access - ::1 - - "GET /favicon.ico HTTP/1.1" 404 - "http://localhost:3000/userList" "Mozilla/5.0 (Macintosh; Intel Mac OS X 10_14_6) AppleWebKit/537.36 (KHTML, like Gecko) Chrome/84.0.4147.135 Safari/537.36"
[2020-08-23T22:33:28.069] [INFO] access - ::1 - - "GET /index.css HTTP/1.1" 200 60 "http://localhost:3000/userList" "Mozilla/5.0 (Macintosh; Intel Mac OS X 10_14_6) AppleWebKit/537.36 (KHTML, like Gecko) Chrome/84.0.4147.135 Safari/537.36"
[2020-08-23T22:33:32.613] [INFO] access - ::1 - - "GET /userList HTTP/1.1" 200 2736 "http://localhost:3000/" "Mozilla/5.0 (Macintosh; Intel Mac OS X 10_14_6) AppleWebKit/537.36 (KHTML, like Gecko) Chrome/84.0.4147.135 Safari/537.36"
[2020-08-23T22:33:32.694] [INFO] access - ::1 - - "GET /jquery-3.5.1.min.js HTTP/1.1" 200 89475 "http://localhost:3000/userList" "Mozilla/5.0 (Macintosh; Intel Mac OS X 10_14_6) AppleWebKit/537.36 (KHTML, like Gecko) Chrome/84.0.4147.135 Safari/537.36"
[2020-08-23T22:33:32.694] [INFO] access - ::1 - - "GET /index.css HTTP/1.1" 200 60 "http://localhost:3000/userList" "Mozilla/5.0 (Macintosh; Intel Mac OS X 10_14_6) AppleWebKit/537.36 (KHTML, like Gecko) Chrome/84.0.4147.135 Safari/537.36"
[2020-08-23T22:34:33.330] [INFO] access - ::1 - - "GET /userList HTTP/1.1" 200 2736 "http://localhost:3000/" "Mozilla/5.0 (Macintosh; Intel Mac OS X 10_14_6) AppleWebKit/537.36 (KHTML, like Gecko) Chrome/84.0.4147.135 Safari/537.36"
[2020-08-23T22:34:33.422] [INFO] access - ::1 - - "GET /index.css HTTP/1.1" 200 60 "http://localhost:3000/userList" "Mozilla/5.0 (Macintosh; Intel Mac OS X 10_14_6) AppleWebKit/537.36 (KHTML, like Gecko) Chrome/84.0.4147.135 Safari/537.36"
[2020-08-23T22:34:33.423] [INFO] access - ::1 - - "GET /jquery-3.5.1.min.js HTTP/1.1" 200 89475 "http://localhost:3000/userList" "Mozilla/5.0 (Macintosh; Intel Mac OS X 10_14_6) AppleWebKit/537.36 (KHTML, like Gecko) Chrome/84.0.4147.135 Safari/537.36"
[2020-08-23T22:38:55.643] [INFO] access - ::1 - - "GET /userList HTTP/1.1" 200 2736 "http://localhost:3000/" "Mozilla/5.0 (Macintosh; Intel Mac OS X 10_14_6) AppleWebKit/537.36 (KHTML, like Gecko) Chrome/84.0.4147.135 Safari/537.36"
[2020-08-23T22:38:55.787] [INFO] access - ::1 - - "GET /index.css HTTP/1.1" 200 60 "http://localhost:3000/userList" "Mozilla/5.0 (Macintosh; Intel Mac OS X 10_14_6) AppleWebKit/537.36 (KHTML, like Gecko) Chrome/84.0.4147.135 Safari/537.36"
[2020-08-23T22:38:55.789] [INFO] access - ::1 - - "GET /jquery-3.5.1.min.js HTTP/1.1" 200 89475 "http://localhost:3000/userList" "Mozilla/5.0 (Macintosh; Intel Mac OS X 10_14_6) AppleWebKit/537.36 (KHTML, like Gecko) Chrome/84.0.4147.135 Safari/537.36"
[2020-08-23T22:39:47.026] [INFO] access - ::1 - - "GET /userList HTTP/1.1" 200 2736 "http://localhost:3000/" "Mozilla/5.0 (Macintosh; Intel Mac OS X 10_14_6) AppleWebKit/537.36 (KHTML, like Gecko) Chrome/84.0.4147.135 Safari/537.36"
[2020-08-23T22:39:47.117] [INFO] access - ::1 - - "GET /index.css HTTP/1.1" 200 60 "http://localhost:3000/userList" "Mozilla/5.0 (Macintosh; Intel Mac OS X 10_14_6) AppleWebKit/537.36 (KHTML, like Gecko) Chrome/84.0.4147.135 Safari/537.36"
[2020-08-23T22:39:47.117] [INFO] access - ::1 - - "GET /jquery-3.5.1.min.js HTTP/1.1" 200 89475 "http://localhost:3000/userList" "Mozilla/5.0 (Macintosh; Intel Mac OS X 10_14_6) AppleWebKit/537.36 (KHTML, like Gecko) Chrome/84.0.4147.135 Safari/537.36"
[2020-08-23T22:39:47.234] [INFO] access - ::1 - - "GET /user/list HTTP/1.1" 200 299 "http://localhost:3000/userList" "Mozilla/5.0 (Macintosh; Intel Mac OS X 10_14_6) AppleWebKit/537.36 (KHTML, like Gecko) Chrome/84.0.4147.135 Safari/537.36"
[2020-08-23T22:49:51.620] [INFO] access - ::1 - - "GET /userList HTTP/1.1" 200 2736 "http://localhost:3000/" "Mozilla/5.0 (Macintosh; Intel Mac OS X 10_14_6) AppleWebKit/537.36 (KHTML, like Gecko) Chrome/84.0.4147.135 Safari/537.36"
[2020-08-23T22:49:51.715] [INFO] access - ::1 - - "GET /index.css HTTP/1.1" 200 60 "http://localhost:3000/userList" "Mozilla/5.0 (Macintosh; Intel Mac OS X 10_14_6) AppleWebKit/537.36 (KHTML, like Gecko) Chrome/84.0.4147.135 Safari/537.36"
[2020-08-23T22:49:51.716] [INFO] access - ::1 - - "GET /jquery-3.5.1.min.js HTTP/1.1" 200 89475 "http://localhost:3000/userList" "Mozilla/5.0 (Macintosh; Intel Mac OS X 10_14_6) AppleWebKit/537.36 (KHTML, like Gecko) Chrome/84.0.4147.135 Safari/537.36"
[2020-08-23T22:49:51.826] [INFO] access - ::1 - - "GET /user/list HTTP/1.1" 200 299 "http://localhost:3000/userList" "Mozilla/5.0 (Macintosh; Intel Mac OS X 10_14_6) AppleWebKit/537.36 (KHTML, like Gecko) Chrome/84.0.4147.135 Safari/537.36"
[2020-08-23T22:50:29.791] [INFO] access - ::1 - - "GET /userList HTTP/1.1" 200 2736 "http://localhost:3000/" "Mozilla/5.0 (Macintosh; Intel Mac OS X 10_14_6) AppleWebKit/537.36 (KHTML, like Gecko) Chrome/84.0.4147.135 Safari/537.36"
[2020-08-23T22:50:29.852] [INFO] access - ::1 - - "GET /index.css HTTP/1.1" 200 60 "http://localhost:3000/userList" "Mozilla/5.0 (Macintosh; Intel Mac OS X 10_14_6) AppleWebKit/537.36 (KHTML, like Gecko) Chrome/84.0.4147.135 Safari/537.36"
[2020-08-23T22:50:29.854] [INFO] access - ::1 - - "GET /jquery-3.5.1.min.js HTTP/1.1" 200 89475 "http://localhost:3000/userList" "Mozilla/5.0 (Macintosh; Intel Mac OS X 10_14_6) AppleWebKit/537.36 (KHTML, like Gecko) Chrome/84.0.4147.135 Safari/537.36"
[2020-08-23T22:50:29.962] [INFO] access - ::1 - - "GET /user/list HTTP/1.1" 200 299 "http://localhost:3000/userList" "Mozilla/5.0 (Macintosh; Intel Mac OS X 10_14_6) AppleWebKit/537.36 (KHTML, like Gecko) Chrome/84.0.4147.135 Safari/537.36"
[2020-08-23T22:56:02.819] [INFO] access - ::1 - - "GET /userList HTTP/1.1" 200 2736 "http://localhost:3000/" "Mozilla/5.0 (Macintosh; Intel Mac OS X 10_14_6) AppleWebKit/537.36 (KHTML, like Gecko) Chrome/84.0.4147.135 Safari/537.36"
[2020-08-23T22:56:02.894] [INFO] access - ::1 - - "GET /index.css HTTP/1.1" 200 60 "http://localhost:3000/userList" "Mozilla/5.0 (Macintosh; Intel Mac OS X 10_14_6) AppleWebKit/537.36 (KHTML, like Gecko) Chrome/84.0.4147.135 Safari/537.36"
[2020-08-23T22:56:02.895] [INFO] access - ::1 - - "GET /jquery-3.5.1.min.js HTTP/1.1" 200 89475 "http://localhost:3000/userList" "Mozilla/5.0 (Macintosh; Intel Mac OS X 10_14_6) AppleWebKit/537.36 (KHTML, like Gecko) Chrome/84.0.4147.135 Safari/537.36"
[2020-08-23T22:56:02.993] [INFO] access - ::1 - - "GET /user/list HTTP/1.1" 200 299 "http://localhost:3000/userList" "Mozilla/5.0 (Macintosh; Intel Mac OS X 10_14_6) AppleWebKit/537.36 (KHTML, like Gecko) Chrome/84.0.4147.135 Safari/537.36"
[2020-08-23T23:03:07.688] [INFO] access - ::1 - - "GET /userList HTTP/1.1" 200 2736 "http://localhost:3000/" "Mozilla/5.0 (Macintosh; Intel Mac OS X 10_14_6) AppleWebKit/537.36 (KHTML, like Gecko) Chrome/84.0.4147.135 Safari/537.36"
[2020-08-23T23:03:07.757] [INFO] access - ::1 - - "GET /jquery-3.5.1.min.js HTTP/1.1" 200 89475 "http://localhost:3000/userList" "Mozilla/5.0 (Macintosh; Intel Mac OS X 10_14_6) AppleWebKit/537.36 (KHTML, like Gecko) Chrome/84.0.4147.135 Safari/537.36"
[2020-08-23T23:03:07.775] [INFO] access - ::1 - - "GET /index.css HTTP/1.1" 200 60 "http://localhost:3000/userList" "Mozilla/5.0 (Macintosh; Intel Mac OS X 10_14_6) AppleWebKit/537.36 (KHTML, like Gecko) Chrome/84.0.4147.135 Safari/537.36"
[2020-08-23T23:03:07.844] [INFO] access - ::1 - - "GET /user/list HTTP/1.1" 200 299 "http://localhost:3000/userList" "Mozilla/5.0 (Macintosh; Intel Mac OS X 10_14_6) AppleWebKit/537.36 (KHTML, like Gecko) Chrome/84.0.4147.135 Safari/537.36"
[2020-08-23T23:03:29.590] [INFO] access - ::1 - - "GET /userList HTTP/1.1" 200 2734 "http://localhost:3000/" "Mozilla/5.0 (Macintosh; Intel Mac OS X 10_14_6) AppleWebKit/537.36 (KHTML, like Gecko) Chrome/84.0.4147.135 Safari/537.36"
[2020-08-23T23:03:29.648] [INFO] access - ::1 - - "GET /index.css HTTP/1.1" 200 60 "http://localhost:3000/userList" "Mozilla/5.0 (Macintosh; Intel Mac OS X 10_14_6) AppleWebKit/537.36 (KHTML, like Gecko) Chrome/84.0.4147.135 Safari/537.36"
[2020-08-23T23:03:29.649] [INFO] access - ::1 - - "GET /jquery-3.5.1.min.js HTTP/1.1" 200 89475 "http://localhost:3000/userList" "Mozilla/5.0 (Macintosh; Intel Mac OS X 10_14_6) AppleWebKit/537.36 (KHTML, like Gecko) Chrome/84.0.4147.135 Safari/537.36"
[2020-08-23T23:03:29.756] [INFO] access - ::1 - - "GET /user/list HTTP/1.1" 200 299 "http://localhost:3000/userList" "Mozilla/5.0 (Macintosh; Intel Mac OS X 10_14_6) AppleWebKit/537.36 (KHTML, like Gecko) Chrome/84.0.4147.135 Safari/537.36"
[2020-08-23T23:03:29.791] [INFO] access - ::1 - - "GET /upload/upload_223903c63ff2b0150b419b83be9b933c.jpg HTTP/1.1" 404 - "http://localhost:3000/userList" "Mozilla/5.0 (Macintosh; Intel Mac OS X 10_14_6) AppleWebKit/537.36 (KHTML, like Gecko) Chrome/84.0.4147.135 Safari/537.36"
[2020-08-23T23:03:29.794] [INFO] access - ::1 - - "GET /upload/upload_dee3a6fb1805d68289f83a04f90cd3b2.png HTTP/1.1" 404 - "http://localhost:3000/userList" "Mozilla/5.0 (Macintosh; Intel Mac OS X 10_14_6) AppleWebKit/537.36 (KHTML, like Gecko) Chrome/84.0.4147.135 Safari/537.36"
[2020-08-23T23:07:48.309] [INFO] access - ::1 - - "POST /user/add HTTP/1.1" 200 16 "http://localhost:3000/userList" "Mozilla/5.0 (Macintosh; Intel Mac OS X 10_14_6) AppleWebKit/537.36 (KHTML, like Gecko) Chrome/84.0.4147.135 Safari/537.36"
[2020-08-23T23:07:48.329] [INFO] access - ::1 - - "GET /user/list HTTP/1.1" 200 486 "http://localhost:3000/userList" "Mozilla/5.0 (Macintosh; Intel Mac OS X 10_14_6) AppleWebKit/537.36 (KHTML, like Gecko) Chrome/84.0.4147.135 Safari/537.36"
[2020-08-23T23:07:48.347] [INFO] access - ::1 - - "GET /upload/upload_223903c63ff2b0150b419b83be9b933c.jpg HTTP/1.1" 404 - "http://localhost:3000/userList" "Mozilla/5.0 (Macintosh; Intel Mac OS X 10_14_6) AppleWebKit/537.36 (KHTML, like Gecko) Chrome/84.0.4147.135 Safari/537.36"
[2020-08-23T23:07:48.348] [INFO] access - ::1 - - "GET /upload/upload_dee3a6fb1805d68289f83a04f90cd3b2.png HTTP/1.1" 404 - "http://localhost:3000/userList" "Mozilla/5.0 (Macintosh; Intel Mac OS X 10_14_6) AppleWebKit/537.36 (KHTML, like Gecko) Chrome/84.0.4147.135 Safari/537.36"
[2020-08-23T23:07:48.350] [INFO] access - ::1 - - "GET /upload/upload_ba90eb845b1f21ea13987f538a276690.jpg HTTP/1.1" 200 19404 "http://localhost:3000/userList" "Mozilla/5.0 (Macintosh; Intel Mac OS X 10_14_6) AppleWebKit/537.36 (KHTML, like Gecko) Chrome/84.0.4147.135 Safari/537.36"
[2020-08-23T23:30:13.396] [INFO] access - ::1 - - "GET /userList HTTP/1.1" 200 2734 "http://localhost:3000/" "Mozilla/5.0 (Macintosh; Intel Mac OS X 10_14_6) AppleWebKit/537.36 (KHTML, like Gecko) Chrome/84.0.4147.135 Safari/537.36"
[2020-08-23T23:30:13.494] [INFO] access - ::1 - - "GET /index.css HTTP/1.1" 200 60 "http://localhost:3000/userList" "Mozilla/5.0 (Macintosh; Intel Mac OS X 10_14_6) AppleWebKit/537.36 (KHTML, like Gecko) Chrome/84.0.4147.135 Safari/537.36"
[2020-08-23T23:30:13.496] [INFO] access - ::1 - - "GET /jquery-3.5.1.min.js HTTP/1.1" 200 89475 "http://localhost:3000/userList" "Mozilla/5.0 (Macintosh; Intel Mac OS X 10_14_6) AppleWebKit/537.36 (KHTML, like Gecko) Chrome/84.0.4147.135 Safari/537.36"
[2020-08-23T23:30:13.623] [INFO] access - ::1 - - "GET /user/list HTTP/1.1" 200 212 "http://localhost:3000/userList" "Mozilla/5.0 (Macintosh; Intel Mac OS X 10_14_6) AppleWebKit/537.36 (KHTML, like Gecko) Chrome/84.0.4147.135 Safari/537.36"
[2020-08-23T23:30:13.657] [INFO] access - ::1 - - "GET /upload/upload_ba90eb845b1f21ea13987f538a276690.jpg HTTP/1.1" 200 19404 "http://localhost:3000/userList" "Mozilla/5.0 (Macintosh; Intel Mac OS X 10_14_6) AppleWebKit/537.36 (KHTML, like Gecko) Chrome/84.0.4147.135 Safari/537.36"
[2020-08-23T23:30:13.679] [INFO] access - ::1 - - "GET /favicon.ico HTTP/1.1" 404 - "http://localhost:3000/userList" "Mozilla/5.0 (Macintosh; Intel Mac OS X 10_14_6) AppleWebKit/537.36 (KHTML, like Gecko) Chrome/84.0.4147.135 Safari/537.36"
[2020-09-07T08:58:08.407] [INFO] access - ::1 - - "GET / HTTP/1.1" 200 2 "" "Mozilla/5.0 (Macintosh; Intel Mac OS X 10_14_6) AppleWebKit/537.36 (KHTML, like Gecko) Chrome/85.0.4183.83 Safari/537.36"
[2020-09-07T08:58:09.063] [INFO] access - ::1 - - "GET /favicon.ico HTTP/1.1" 404 - "http://localhost:3000/" "Mozilla/5.0 (Macintosh; Intel Mac OS X 10_14_6) AppleWebKit/537.36 (KHTML, like Gecko) Chrome/85.0.4183.83 Safari/537.36"
[2020-09-07T08:58:44.719] [INFO] access - ::1 - - "GET /index.html HTTP/1.1" 404 - "" "Mozilla/5.0 (Macintosh; Intel Mac OS X 10_14_6) AppleWebKit/537.36 (KHTML, like Gecko) Chrome/85.0.4183.83 Safari/537.36"
[2020-09-07T08:58:48.402] [INFO] access - ::1 - - "GET / HTTP/1.1" 200 2 "" "Mozilla/5.0 (Macintosh; Intel Mac OS X 10_14_6) AppleWebKit/537.36 (KHTML, like Gecko) Chrome/85.0.4183.83 Safari/537.36"
[2020-09-07T09:01:56.887] [INFO] access - ::1 - - "GET /userList HTTP/1.1" 200 2741 "" "Mozilla/5.0 (Macintosh; Intel Mac OS X 10_14_6) AppleWebKit/537.36 (KHTML, like Gecko) Chrome/85.0.4183.83 Safari/537.36"
[2020-09-07T09:01:56.947] [INFO] access - ::1 - - "GET /css/index.css HTTP/1.1" 200 61 "http://localhost:3000/userList" "Mozilla/5.0 (Macintosh; Intel Mac OS X 10_14_6) AppleWebKit/537.36 (KHTML, like Gecko) Chrome/85.0.4183.83 Safari/537.36"
[2020-09-07T09:01:56.953] [INFO] access - ::1 - - "GET /js/jquery-3.5.1.min.js HTTP/1.1" 200 238542 "http://localhost:3000/userList" "Mozilla/5.0 (Macintosh; Intel Mac OS X 10_14_6) AppleWebKit/537.36 (KHTML, like Gecko) Chrome/85.0.4183.83 Safari/537.36"
[2020-09-07T09:01:57.082] [INFO] access - ::1 - - "GET /user/list HTTP/1.1" 404 - "http://localhost:3000/userList" "Mozilla/5.0 (Macintosh; Intel Mac OS X 10_14_6) AppleWebKit/537.36 (KHTML, like Gecko) Chrome/85.0.4183.83 Safari/537.36"
[2020-09-07T09:02:40.568] [INFO] access - ::1 - - "GET /userList HTTP/1.1" 200 2741 "" "Mozilla/5.0 (Macintosh; Intel Mac OS X 10_14_6) AppleWebKit/537.36 (KHTML, like Gecko) Chrome/85.0.4183.83 Safari/537.36"
[2020-09-07T09:02:40.600] [INFO] access - ::1 - - "GET /css/index.css HTTP/1.1" 200 61 "http://localhost:3000/userList" "Mozilla/5.0 (Macintosh; Intel Mac OS X 10_14_6) AppleWebKit/537.36 (KHTML, like Gecko) Chrome/85.0.4183.83 Safari/537.36"
[2020-09-07T09:02:40.601] [INFO] access - ::1 - - "GET /js/jquery-3.5.1.min.js HTTP/1.1" 200 238542 "http://localhost:3000/userList" "Mozilla/5.0 (Macintosh; Intel Mac OS X 10_14_6) AppleWebKit/537.36 (KHTML, like Gecko) Chrome/85.0.4183.83 Safari/537.36"
[2020-09-07T09:02:40.659] [INFO] access - ::1 - - "GET /user/list HTTP/1.1" 404 - "http://localhost:3000/userList" "Mozilla/5.0 (Macintosh; Intel Mac OS X 10_14_6) AppleWebKit/537.36 (KHTML, like Gecko) Chrome/85.0.4183.83 Safari/537.36"
[2020-09-07T09:02:43.246] [INFO] access - ::1 - - "GET / HTTP/1.1" 200 476 "" "Mozilla/5.0 (Macintosh; Intel Mac OS X 10_14_6) AppleWebKit/537.36 (KHTML, like Gecko) Chrome/85.0.4183.83 Safari/537.36"
[2020-09-07T09:02:43.281] [INFO] access - ::1 - - "GET /imgs/koa.jpg HTTP/1.1" 200 50048 "http://localhost:3000/" "Mozilla/5.0 (Macintosh; Intel Mac OS X 10_14_6) AppleWebKit/537.36 (KHTML, like Gecko) Chrome/85.0.4183.83 Safari/537.36"
[2020-09-07T09:02:43.282] [INFO] access - ::1 - - "GET /css/index.css HTTP/1.1" 200 61 "http://localhost:3000/" "Mozilla/5.0 (Macintosh; Intel Mac OS X 10_14_6) AppleWebKit/537.36 (KHTML, like Gecko) Chrome/85.0.4183.83 Safari/537.36"
[2020-09-07T09:02:45.037] [INFO] access - ::1 - - "GET /userList HTTP/1.1" 200 2741 "http://localhost:3000/" "Mozilla/5.0 (Macintosh; Intel Mac OS X 10_14_6) AppleWebKit/537.36 (KHTML, like Gecko) Chrome/85.0.4183.83 Safari/537.36"
[2020-09-07T09:02:45.069] [INFO] access - ::1 - - "GET /css/index.css HTTP/1.1" 200 61 "http://localhost:3000/userList" "Mozilla/5.0 (Macintosh; Intel Mac OS X 10_14_6) AppleWebKit/537.36 (KHTML, like Gecko) Chrome/85.0.4183.83 Safari/537.36"
[2020-09-07T09:02:45.072] [INFO] access - ::1 - - "GET /js/jquery-3.5.1.min.js HTTP/1.1" 200 238542 "http://localhost:3000/userList" "Mozilla/5.0 (Macintosh; Intel Mac OS X 10_14_6) AppleWebKit/537.36 (KHTML, like Gecko) Chrome/85.0.4183.83 Safari/537.36"
[2020-09-07T09:02:45.105] [INFO] access - ::1 - - "GET /user/list HTTP/1.1" 404 - "http://localhost:3000/userList" "Mozilla/5.0 (Macintosh; Intel Mac OS X 10_14_6) AppleWebKit/537.36 (KHTML, like Gecko) Chrome/85.0.4183.83 Safari/537.36"
[2020-09-07T15:00:01.692] [INFO] access - ::1 - - "GET / HTTP/1.1" 200 476 "" "Mozilla/5.0 (Macintosh; Intel Mac OS X 10_14_6) AppleWebKit/537.36 (KHTML, like Gecko) Chrome/85.0.4183.83 Safari/537.36"
[2020-09-07T15:00:01.792] [INFO] access - ::1 - - "GET /css/index.css HTTP/1.1" 200 61 "http://localhost:3000/" "Mozilla/5.0 (Macintosh; Intel Mac OS X 10_14_6) AppleWebKit/537.36 (KHTML, like Gecko) Chrome/85.0.4183.83 Safari/537.36"
[2020-09-07T15:00:01.805] [INFO] access - ::1 - - "GET /imgs/koa.jpg HTTP/1.1" 200 50048 "http://localhost:3000/" "Mozilla/5.0 (Macintosh; Intel Mac OS X 10_14_6) AppleWebKit/537.36 (KHTML, like Gecko) Chrome/85.0.4183.83 Safari/537.36"
[2020-09-07T15:00:02.123] [INFO] access - ::1 - - "GET /favicon.ico HTTP/1.1" 404 - "http://localhost:3000/" "Mozilla/5.0 (Macintosh; Intel Mac OS X 10_14_6) AppleWebKit/537.36 (KHTML, like Gecko) Chrome/85.0.4183.83 Safari/537.36"
