[2020-08-23T16:25:38.502] [INFO] access - ::1 - - "GET / HTTP/1.1" 200 467 "" "Mozilla/5.0 (Macintosh; Intel Mac OS X 10_14_6) AppleWebKit/537.36 (KHTML, like Gecko) Chrome/84.0.4147.135 Safari/537.36"
[2020-08-23T16:25:38.839] [INFO] access - ::1 - - "GET /koa.jpg HTTP/1.1" 200 50048 "http://localhost:3000/" "Mozilla/5.0 (Macintosh; Intel Mac OS X 10_14_6) AppleWebKit/537.36 (KHTML, like Gecko) Chrome/84.0.4147.135 Safari/537.36"
[2020-08-23T16:25:38.840] [INFO] access - ::1 - - "GET /index.css HTTP/1.1" 200 60 "http://localhost:3000/" "Mozilla/5.0 (Macintosh; Intel Mac OS X 10_14_6) AppleWebKit/537.36 (KHTML, like Gecko) Chrome/84.0.4147.135 Safari/537.36"
[2020-08-23T16:25:39.185] [INFO] access - ::1 - - "GET /favicon.ico HTTP/1.1" 404 - "http://localhost:3000/" "Mozilla/5.0 (Macintosh; Intel Mac OS X 10_14_6) AppleWebKit/537.36 (KHTML, like Gecko) Chrome/84.0.4147.135 Safari/537.36"
[2020-08-23T16:25:41.825] [INFO] access - ::1 - - "GET /userList HTTP/1.1" 200 2736 "http://localhost:3000/" "Mozilla/5.0 (Macintosh; Intel Mac OS X 10_14_6) AppleWebKit/537.36 (KHTML, like Gecko) Chrome/84.0.4147.135 Safari/537.36"
[2020-08-23T16:25:41.869] [INFO] access - ::1 - - "GET /index.css HTTP/1.1" 200 60 "http://localhost:3000/userList" "Mozilla/5.0 (Macintosh; Intel Mac OS X 10_14_6) AppleWebKit/537.36 (KHTML, like Gecko) Chrome/84.0.4147.135 Safari/537.36"
[2020-08-23T16:25:41.871] [INFO] access - ::1 - - "GET /jquery-3.5.1.min.js HTTP/1.1" 200 89475 "http://localhost:3000/userList" "Mozilla/5.0 (Macintosh; Intel Mac OS X 10_14_6) AppleWebKit/537.36 (KHTML, like Gecko) Chrome/84.0.4147.135 Safari/537.36"
[2020-08-23T16:29:16.907] [INFO] access - ::1 - - "POST /user/add HTTP/1.1" 200 16 "http://localhost:3000/userList" "Mozilla/5.0 (Macintosh; Intel Mac OS X 10_14_6) AppleWebKit/537.36 (KHTML, like Gecko) Chrome/84.0.4147.135 Safari/537.36"
[2020-08-23T16:30:21.159] [INFO] access - ::1 - - "GET /userList HTTP/1.1" 200 2736 "http://localhost:3000/" "Mozilla/5.0 (Macintosh; Intel Mac OS X 10_14_6) AppleWebKit/537.36 (KHTML, like Gecko) Chrome/84.0.4147.135 Safari/537.36"
[2020-08-23T16:30:21.202] [INFO] access - ::1 - - "GET /jquery-3.5.1.min.js HTTP/1.1" 200 89475 "http://localhost:3000/userList" "Mozilla/5.0 (Macintosh; Intel Mac OS X 10_14_6) AppleWebKit/537.36 (KHTML, like Gecko) Chrome/84.0.4147.135 Safari/537.36"
[2020-08-23T16:30:21.203] [INFO] access - ::1 - - "GET /index.css HTTP/1.1" 200 60 "http://localhost:3000/userList" "Mozilla/5.0 (Macintosh; Intel Mac OS X 10_14_6) AppleWebKit/537.36 (KHTML, like Gecko) Chrome/84.0.4147.135 Safari/537.36"
[2020-08-23T16:32:42.064] [INFO] access - ::1 - - "POST /user/add HTTP/1.1" 200 16 "http://localhost:3000/userList" "Mozilla/5.0 (Macintosh; Intel Mac OS X 10_14_6) AppleWebKit/537.36 (KHTML, like Gecko) Chrome/84.0.4147.135 Safari/537.36"
[2020-08-23T16:34:40.038] [INFO] access - ::1 - - "GET /userList HTTP/1.1" 200 2736 "http://localhost:3000/" "Mozilla/5.0 (Macintosh; Intel Mac OS X 10_14_6) AppleWebKit/537.36 (KHTML, like Gecko) Chrome/84.0.4147.135 Safari/537.36"
[2020-08-23T16:34:40.076] [INFO] access - ::1 - - "GET /jquery-3.5.1.min.js HTTP/1.1" 200 89475 "http://localhost:3000/userList" "Mozilla/5.0 (Macintosh; Intel Mac OS X 10_14_6) AppleWebKit/537.36 (KHTML, like Gecko) Chrome/84.0.4147.135 Safari/537.36"
[2020-08-23T16:34:40.077] [INFO] access - ::1 - - "GET /index.css HTTP/1.1" 200 60 "http://localhost:3000/userList" "Mozilla/5.0 (Macintosh; Intel Mac OS X 10_14_6) AppleWebKit/537.36 (KHTML, like Gecko) Chrome/84.0.4147.135 Safari/537.36"
[2020-08-23T16:34:40.134] [INFO] access - ::1 - - "GET /user/list HTTP/1.1" 200 282 "http://localhost:3000/userList" "Mozilla/5.0 (Macintosh; Intel Mac OS X 10_14_6) AppleWebKit/537.36 (KHTML, like Gecko) Chrome/84.0.4147.135 Safari/537.36"
[2020-08-23T16:34:40.156] [INFO] access - ::1 - - "GET /upload/upload_fa0cb2866f16034215240f42cfa6145a.jpg HTTP/1.1" 200 19404 "http://localhost:3000/userList" "Mozilla/5.0 (Macintosh; Intel Mac OS X 10_14_6) AppleWebKit/537.36 (KHTML, like Gecko) Chrome/84.0.4147.135 Safari/537.36"
[2020-08-23T16:34:40.157] [INFO] access - ::1 - - "GET /upload/upload_360e194e50185e848a4b599c71ed0286.jpg HTTP/1.1" 200 19404 "http://localhost:3000/userList" "Mozilla/5.0 (Macintosh; Intel Mac OS X 10_14_6) AppleWebKit/537.36 (KHTML, like Gecko) Chrome/84.0.4147.135 Safari/537.36"
[2020-08-23T16:35:22.261] [INFO] access - ::1 - - "GET /userList HTTP/1.1" 200 2736 "http://localhost:3000/" "Mozilla/5.0 (Macintosh; Intel Mac OS X 10_14_6) AppleWebKit/537.36 (KHTML, like Gecko) Chrome/84.0.4147.135 Safari/537.36"
[2020-08-23T16:35:22.297] [INFO] access - ::1 - - "GET /index.css HTTP/1.1" 200 60 "http://localhost:3000/userList" "Mozilla/5.0 (Macintosh; Intel Mac OS X 10_14_6) AppleWebKit/537.36 (KHTML, like Gecko) Chrome/84.0.4147.135 Safari/537.36"
[2020-08-23T16:35:22.298] [INFO] access - ::1 - - "GET /jquery-3.5.1.min.js HTTP/1.1" 200 89475 "http://localhost:3000/userList" "Mozilla/5.0 (Macintosh; Intel Mac OS X 10_14_6) AppleWebKit/537.36 (KHTML, like Gecko) Chrome/84.0.4147.135 Safari/537.36"
[2020-08-23T16:35:23.560] [INFO] access - ::1 - - "GET /userList HTTP/1.1" 200 2736 "http://localhost:3000/" "Mozilla/5.0 (Macintosh; Intel Mac OS X 10_14_6) AppleWebKit/537.36 (KHTML, like Gecko) Chrome/84.0.4147.135 Safari/537.36"
[2020-08-23T16:35:23.590] [INFO] access - ::1 - - "GET /index.css HTTP/1.1" 200 60 "http://localhost:3000/userList" "Mozilla/5.0 (Macintosh; Intel Mac OS X 10_14_6) AppleWebKit/537.36 (KHTML, like Gecko) Chrome/84.0.4147.135 Safari/537.36"
[2020-08-23T16:35:23.590] [INFO] access - ::1 - - "GET /jquery-3.5.1.min.js HTTP/1.1" 200 89475 "http://localhost:3000/userList" "Mozilla/5.0 (Macintosh; Intel Mac OS X 10_14_6) AppleWebKit/537.36 (KHTML, like Gecko) Chrome/84.0.4147.135 Safari/537.36"
[2020-08-23T16:35:23.799] [INFO] access - ::1 - - "GET /userList HTTP/1.1" 200 2736 "http://localhost:3000/" "Mozilla/5.0 (Macintosh; Intel Mac OS X 10_14_6) AppleWebKit/537.36 (KHTML, like Gecko) Chrome/84.0.4147.135 Safari/537.36"
[2020-08-23T16:35:23.826] [INFO] access - ::1 - - "GET /index.css HTTP/1.1" 200 60 "http://localhost:3000/userList" "Mozilla/5.0 (Macintosh; Intel Mac OS X 10_14_6) AppleWebKit/537.36 (KHTML, like Gecko) Chrome/84.0.4147.135 Safari/537.36"
[2020-08-23T16:35:23.826] [INFO] access - ::1 - - "GET /jquery-3.5.1.min.js HTTP/1.1" 200 89475 "http://localhost:3000/userList" "Mozilla/5.0 (Macintosh; Intel Mac OS X 10_14_6) AppleWebKit/537.36 (KHTML, like Gecko) Chrome/84.0.4147.135 Safari/537.36"
[2020-08-23T16:35:47.850] [INFO] access - ::1 - - "GET /userList HTTP/1.1" 200 2736 "http://localhost:3000/" "Mozilla/5.0 (Macintosh; Intel Mac OS X 10_14_6) AppleWebKit/537.36 (KHTML, like Gecko) Chrome/84.0.4147.135 Safari/537.36"
[2020-08-23T16:35:47.882] [INFO] access - ::1 - - "GET /index.css HTTP/1.1" 200 60 "http://localhost:3000/userList" "Mozilla/5.0 (Macintosh; Intel Mac OS X 10_14_6) AppleWebKit/537.36 (KHTML, like Gecko) Chrome/84.0.4147.135 Safari/537.36"
[2020-08-23T16:35:47.883] [INFO] access - ::1 - - "GET /jquery-3.5.1.min.js HTTP/1.1" 200 89475 "http://localhost:3000/userList" "Mozilla/5.0 (Macintosh; Intel Mac OS X 10_14_6) AppleWebKit/537.36 (KHTML, like Gecko) Chrome/84.0.4147.135 Safari/537.36"
[2020-08-23T16:35:47.972] [INFO] access - ::1 - - "GET /user/list HTTP/1.1" 200 346 "http://localhost:3000/userList" "Mozilla/5.0 (Macintosh; Intel Mac OS X 10_14_6) AppleWebKit/537.36 (KHTML, like Gecko) Chrome/84.0.4147.135 Safari/537.36"
[2020-08-23T16:35:47.989] [INFO] access - ::1 - - "GET /upload/upload_fa0cb2866f16034215240f42cfa6145a.jpg HTTP/1.1" 200 19404 "http://localhost:3000/userList" "Mozilla/5.0 (Macintosh; Intel Mac OS X 10_14_6) AppleWebKit/537.36 (KHTML, like Gecko) Chrome/84.0.4147.135 Safari/537.36"
[2020-08-23T16:35:47.991] [INFO] access - ::1 - - "GET /upload/upload_360e194e50185e848a4b599c71ed0286.jpg HTTP/1.1" 200 19404 "http://localhost:3000/userList" "Mozilla/5.0 (Macintosh; Intel Mac OS X 10_14_6) AppleWebKit/537.36 (KHTML, like Gecko) Chrome/84.0.4147.135 Safari/537.36"
[2020-08-23T16:38:08.022] [INFO] access - ::1 - - "POST /user/add HTTP/1.1" 200 16 "http://localhost:3000/userList" "Mozilla/5.0 (Macintosh; Intel Mac OS X 10_14_6) AppleWebKit/537.36 (KHTML, like Gecko) Chrome/84.0.4147.135 Safari/537.36"
[2020-08-23T16:38:08.038] [INFO] access - ::1 - - "GET /user/list HTTP/1.1" 200 678 "http://localhost:3000/userList" "Mozilla/5.0 (Macintosh; Intel Mac OS X 10_14_6) AppleWebKit/537.36 (KHTML, like Gecko) Chrome/84.0.4147.135 Safari/537.36"
[2020-08-23T16:38:08.050] [INFO] access - ::1 - - "GET /upload/upload_e53bca1e9b989e99724919017b4fadfe.png HTTP/1.1" 200 23860 "http://localhost:3000/userList" "Mozilla/5.0 (Macintosh; Intel Mac OS X 10_14_6) AppleWebKit/537.36 (KHTML, like Gecko) Chrome/84.0.4147.135 Safari/537.36"
[2020-08-23T16:38:08.053] [INFO] access - ::1 - - "GET /upload/upload_cdc9b013fd4c36f879647cfa9febb14e.png HTTP/1.1" 200 23860 "http://localhost:3000/userList" "Mozilla/5.0 (Macintosh; Intel Mac OS X 10_14_6) AppleWebKit/537.36 (KHTML, like Gecko) Chrome/84.0.4147.135 Safari/537.36"
[2020-08-23T16:38:42.927] [INFO] access - ::1 - - "POST /user/add HTTP/1.1" 200 157 "http://localhost:3000/userList" "Mozilla/5.0 (Macintosh; Intel Mac OS X 10_14_6) AppleWebKit/537.36 (KHTML, like Gecko) Chrome/84.0.4147.135 Safari/537.36"
[2020-08-23T16:38:42.941] [INFO] access - ::1 - - "GET /user/list HTTP/1.1" 200 844 "http://localhost:3000/userList" "Mozilla/5.0 (Macintosh; Intel Mac OS X 10_14_6) AppleWebKit/537.36 (KHTML, like Gecko) Chrome/84.0.4147.135 Safari/537.36"
[2020-08-23T16:38:42.950] [INFO] access - ::1 - - "GET /upload/upload_f309cb6f24dd41da0d1b99ca7b2095a0.png HTTP/1.1" 200 23860 "http://localhost:3000/userList" "Mozilla/5.0 (Macintosh; Intel Mac OS X 10_14_6) AppleWebKit/537.36 (KHTML, like Gecko) Chrome/84.0.4147.135 Safari/537.36"
