[2020-08-25T08:22:25.717] [INFO] access - ::1 - - "GET / HTTP/1.1" 200 467 "" "Mozilla/5.0 (Macintosh; Intel Mac OS X 10_14_6) AppleWebKit/537.36 (KHTML, like Gecko) Chrome/84.0.4147.135 Safari/537.36"
[2020-08-25T08:22:25.920] [INFO] access - ::1 - - "GET /index.css HTTP/1.1" 200 60 "http://localhost:3000/" "Mozilla/5.0 (Macintosh; Intel Mac OS X 10_14_6) AppleWebKit/537.36 (KHTML, like Gecko) Chrome/84.0.4147.135 Safari/537.36"
[2020-08-25T08:22:25.921] [INFO] access - ::1 - - "GET /koa.jpg HTTP/1.1" 200 50048 "http://localhost:3000/" "Mozilla/5.0 (Macintosh; Intel Mac OS X 10_14_6) AppleWebKit/537.36 (KHTML, like Gecko) Chrome/84.0.4147.135 Safari/537.36"
[2020-08-25T08:22:26.070] [INFO] access - ::1 - - "GET /favicon.ico HTTP/1.1" 404 - "http://localhost:3000/" "Mozilla/5.0 (Macintosh; Intel Mac OS X 10_14_6) AppleWebKit/537.36 (KHTML, like Gecko) Chrome/84.0.4147.135 Safari/537.36"
[2020-08-25T08:22:27.455] [INFO] access - ::1 - - "GET /userList HTTP/1.1" 200 2736 "http://localhost:3000/" "Mozilla/5.0 (Macintosh; Intel Mac OS X 10_14_6) AppleWebKit/537.36 (KHTML, like Gecko) Chrome/84.0.4147.135 Safari/537.36"
[2020-08-25T08:22:27.492] [INFO] access - ::1 - - "GET /jquery-3.5.1.min.js HTTP/1.1" 200 89475 "http://localhost:3000/userList" "Mozilla/5.0 (Macintosh; Intel Mac OS X 10_14_6) AppleWebKit/537.36 (KHTML, like Gecko) Chrome/84.0.4147.135 Safari/537.36"
[2020-08-25T08:22:27.493] [INFO] access - ::1 - - "GET /index.css HTTP/1.1" 200 60 "http://localhost:3000/userList" "Mozilla/5.0 (Macintosh; Intel Mac OS X 10_14_6) AppleWebKit/537.36 (KHTML, like Gecko) Chrome/84.0.4147.135 Safari/537.36"
[2020-08-25T08:22:27.593] [INFO] access - ::1 - - "GET /user/list HTTP/1.1" 200 26 "http://localhost:3000/userList" "Mozilla/5.0 (Macintosh; Intel Mac OS X 10_14_6) AppleWebKit/537.36 (KHTML, like Gecko) Chrome/84.0.4147.135 Safari/537.36"
[2020-08-25T08:22:32.342] [INFO] access - ::1 - - "GET /index.css HTTP/1.1" 200 60 "http://localhost:3000/userList" "Mozilla/5.0 (Macintosh; Intel Mac OS X 10_14_6) AppleWebKit/537.36 (KHTML, like Gecko) Chrome/84.0.4147.135 Safari/537.36"
[2020-08-25T08:25:23.031] [INFO] access - ::1 - - "POST /user/add HTTP/1.1" 200 243 "http://localhost:3000/userList" "Mozilla/5.0 (Macintosh; Intel Mac OS X 10_14_6) AppleWebKit/537.36 (KHTML, like Gecko) Chrome/84.0.4147.135 Safari/537.36"
[2020-08-25T08:25:23.056] [INFO] access - ::1 - - "GET /user/list HTTP/1.1" 200 1989 "http://localhost:3000/userList" "Mozilla/5.0 (Macintosh; Intel Mac OS X 10_14_6) AppleWebKit/537.36 (KHTML, like Gecko) Chrome/84.0.4147.135 Safari/537.36"
[2020-08-25T08:27:30.982] [INFO] access - ::1 - - "GET /userList HTTP/1.1" 200 2736 "http://localhost:3000/" "Mozilla/5.0 (Macintosh; Intel Mac OS X 10_14_6) AppleWebKit/537.36 (KHTML, like Gecko) Chrome/84.0.4147.135 Safari/537.36"
[2020-08-25T08:27:31.031] [INFO] access - ::1 - - "GET /index.css HTTP/1.1" 200 60 "http://localhost:3000/userList" "Mozilla/5.0 (Macintosh; Intel Mac OS X 10_14_6) AppleWebKit/537.36 (KHTML, like Gecko) Chrome/84.0.4147.135 Safari/537.36"
[2020-08-25T08:27:31.032] [INFO] access - ::1 - - "GET /jquery-3.5.1.min.js HTTP/1.1" 200 89475 "http://localhost:3000/userList" "Mozilla/5.0 (Macintosh; Intel Mac OS X 10_14_6) AppleWebKit/537.36 (KHTML, like Gecko) Chrome/84.0.4147.135 Safari/537.36"
[2020-08-25T08:27:31.148] [INFO] access - ::1 - - "GET /user/list HTTP/1.1" 200 1989 "http://localhost:3000/userList" "Mozilla/5.0 (Macintosh; Intel Mac OS X 10_14_6) AppleWebKit/537.36 (KHTML, like Gecko) Chrome/84.0.4147.135 Safari/537.36"
[2020-08-25T08:29:36.673] [INFO] access - ::1 - - "GET /userList HTTP/1.1" 200 2736 "http://localhost:3000/" "Mozilla/5.0 (Macintosh; Intel Mac OS X 10_14_6) AppleWebKit/537.36 (KHTML, like Gecko) Chrome/84.0.4147.135 Safari/537.36"
[2020-08-25T08:29:36.730] [INFO] access - ::1 - - "GET /index.css HTTP/1.1" 200 60 "http://localhost:3000/userList" "Mozilla/5.0 (Macintosh; Intel Mac OS X 10_14_6) AppleWebKit/537.36 (KHTML, like Gecko) Chrome/84.0.4147.135 Safari/537.36"
[2020-08-25T08:29:36.731] [INFO] access - ::1 - - "GET /jquery-3.5.1.min.js HTTP/1.1" 200 89475 "http://localhost:3000/userList" "Mozilla/5.0 (Macintosh; Intel Mac OS X 10_14_6) AppleWebKit/537.36 (KHTML, like Gecko) Chrome/84.0.4147.135 Safari/537.36"
[2020-08-25T08:29:58.356] [INFO] access - ::1 - - "GET /userList HTTP/1.1" 200 2736 "http://localhost:3000/" "Mozilla/5.0 (Macintosh; Intel Mac OS X 10_14_6) AppleWebKit/537.36 (KHTML, like Gecko) Chrome/84.0.4147.135 Safari/537.36"
[2020-08-25T08:29:58.412] [INFO] access - ::1 - - "GET /index.css HTTP/1.1" 200 60 "http://localhost:3000/userList" "Mozilla/5.0 (Macintosh; Intel Mac OS X 10_14_6) AppleWebKit/537.36 (KHTML, like Gecko) Chrome/84.0.4147.135 Safari/537.36"
[2020-08-25T08:29:58.414] [INFO] access - ::1 - - "GET /jquery-3.5.1.min.js HTTP/1.1" 200 89475 "http://localhost:3000/userList" "Mozilla/5.0 (Macintosh; Intel Mac OS X 10_14_6) AppleWebKit/537.36 (KHTML, like Gecko) Chrome/84.0.4147.135 Safari/537.36"
[2020-08-25T08:29:58.499] [INFO] access - ::1 - - "GET /user/list HTTP/1.1" 200 1989 "http://localhost:3000/userList" "Mozilla/5.0 (Macintosh; Intel Mac OS X 10_14_6) AppleWebKit/537.36 (KHTML, like Gecko) Chrome/84.0.4147.135 Safari/537.36"
[2020-08-25T08:30:25.315] [INFO] access - ::1 - - "GET /userList HTTP/1.1" 200 2736 "http://localhost:3000/" "Mozilla/5.0 (Macintosh; Intel Mac OS X 10_14_6) AppleWebKit/537.36 (KHTML, like Gecko) Chrome/84.0.4147.135 Safari/537.36"
[2020-08-25T08:30:25.368] [INFO] access - ::1 - - "GET /index.css HTTP/1.1" 200 60 "http://localhost:3000/userList" "Mozilla/5.0 (Macintosh; Intel Mac OS X 10_14_6) AppleWebKit/537.36 (KHTML, like Gecko) Chrome/84.0.4147.135 Safari/537.36"
[2020-08-25T08:30:25.369] [INFO] access - ::1 - - "GET /jquery-3.5.1.min.js HTTP/1.1" 200 89475 "http://localhost:3000/userList" "Mozilla/5.0 (Macintosh; Intel Mac OS X 10_14_6) AppleWebKit/537.36 (KHTML, like Gecko) Chrome/84.0.4147.135 Safari/537.36"
[2020-08-25T08:30:25.510] [INFO] access - ::1 - - "GET /user/list HTTP/1.1" 200 529 "http://localhost:3000/userList" "Mozilla/5.0 (Macintosh; Intel Mac OS X 10_14_6) AppleWebKit/537.36 (KHTML, like Gecko) Chrome/84.0.4147.135 Safari/537.36"
[2020-08-25T08:31:54.852] [INFO] access - ::1 - - "GET /userList HTTP/1.1" 200 2736 "http://localhost:3000/" "Mozilla/5.0 (Macintosh; Intel Mac OS X 10_14_6) AppleWebKit/537.36 (KHTML, like Gecko) Chrome/84.0.4147.135 Safari/537.36"
[2020-08-25T08:31:54.919] [INFO] access - ::1 - - "GET /jquery-3.5.1.min.js HTTP/1.1" 200 89475 "http://localhost:3000/userList" "Mozilla/5.0 (Macintosh; Intel Mac OS X 10_14_6) AppleWebKit/537.36 (KHTML, like Gecko) Chrome/84.0.4147.135 Safari/537.36"
[2020-08-25T08:31:54.920] [INFO] access - ::1 - - "GET /index.css HTTP/1.1" 200 60 "http://localhost:3000/userList" "Mozilla/5.0 (Macintosh; Intel Mac OS X 10_14_6) AppleWebKit/537.36 (KHTML, like Gecko) Chrome/84.0.4147.135 Safari/537.36"
[2020-08-25T08:31:54.996] [INFO] access - ::1 - - "GET /user/list HTTP/1.1" 200 26 "http://localhost:3000/userList" "Mozilla/5.0 (Macintosh; Intel Mac OS X 10_14_6) AppleWebKit/537.36 (KHTML, like Gecko) Chrome/84.0.4147.135 Safari/537.36"
[2020-08-25T08:31:55.083] [INFO] access - ::1 - - "GET /userList HTTP/1.1" 200 2736 "http://localhost:3000/" "Mozilla/5.0 (Macintosh; Intel Mac OS X 10_14_6) AppleWebKit/537.36 (KHTML, like Gecko) Chrome/84.0.4147.135 Safari/537.36"
[2020-08-25T08:31:55.139] [INFO] access - ::1 - - "GET /index.css HTTP/1.1" 200 60 "http://localhost:3000/userList" "Mozilla/5.0 (Macintosh; Intel Mac OS X 10_14_6) AppleWebKit/537.36 (KHTML, like Gecko) Chrome/84.0.4147.135 Safari/537.36"
[2020-08-25T08:31:55.147] [INFO] access - ::1 - - "GET /jquery-3.5.1.min.js HTTP/1.1" 200 89475 "http://localhost:3000/userList" "Mozilla/5.0 (Macintosh; Intel Mac OS X 10_14_6) AppleWebKit/537.36 (KHTML, like Gecko) Chrome/84.0.4147.135 Safari/537.36"
[2020-08-25T08:31:55.230] [INFO] access - ::1 - - "GET /user/list HTTP/1.1" 200 26 "http://localhost:3000/userList" "Mozilla/5.0 (Macintosh; Intel Mac OS X 10_14_6) AppleWebKit/537.36 (KHTML, like Gecko) Chrome/84.0.4147.135 Safari/537.36"
[2020-08-25T08:32:03.177] [INFO] access - ::1 - - "POST /user/add HTTP/1.1" 200 245 "http://localhost:3000/userList" "Mozilla/5.0 (Macintosh; Intel Mac OS X 10_14_6) AppleWebKit/537.36 (KHTML, like Gecko) Chrome/84.0.4147.135 Safari/537.36"
[2020-08-25T08:32:03.188] [INFO] access - ::1 - - "GET /user/list HTTP/1.1" 200 279 "http://localhost:3000/userList" "Mozilla/5.0 (Macintosh; Intel Mac OS X 10_14_6) AppleWebKit/537.36 (KHTML, like Gecko) Chrome/84.0.4147.135 Safari/537.36"
[2020-08-25T08:32:26.208] [INFO] access - ::1 - - "GET /userList HTTP/1.1" 200 2734 "http://localhost:3000/" "Mozilla/5.0 (Macintosh; Intel Mac OS X 10_14_6) AppleWebKit/537.36 (KHTML, like Gecko) Chrome/84.0.4147.135 Safari/537.36"
[2020-08-25T08:32:26.276] [INFO] access - ::1 - - "GET /jquery-3.5.1.min.js HTTP/1.1" 200 89475 "http://localhost:3000/userList" "Mozilla/5.0 (Macintosh; Intel Mac OS X 10_14_6) AppleWebKit/537.36 (KHTML, like Gecko) Chrome/84.0.4147.135 Safari/537.36"
[2020-08-25T08:32:26.277] [INFO] access - ::1 - - "GET /index.css HTTP/1.1" 200 60 "http://localhost:3000/userList" "Mozilla/5.0 (Macintosh; Intel Mac OS X 10_14_6) AppleWebKit/537.36 (KHTML, like Gecko) Chrome/84.0.4147.135 Safari/537.36"
[2020-08-25T08:32:26.335] [INFO] access - ::1 - - "GET /user/list HTTP/1.1" 200 279 "http://localhost:3000/userList" "Mozilla/5.0 (Macintosh; Intel Mac OS X 10_14_6) AppleWebKit/537.36 (KHTML, like Gecko) Chrome/84.0.4147.135 Safari/537.36"
[2020-08-25T08:32:26.357] [INFO] access - ::1 - - "GET /upload/upload_20e0a65e75825ae77d228dcd9f310243.jpg HTTP/1.1" 200 19404 "http://localhost:3000/userList" "Mozilla/5.0 (Macintosh; Intel Mac OS X 10_14_6) AppleWebKit/537.36 (KHTML, like Gecko) Chrome/84.0.4147.135 Safari/537.36"
