[2020-08-26T07:40:51.758] [INFO] access - ::1 - - "GET / HTTP/1.1" 200 467 "" "Mozilla/5.0 (Macintosh; Intel Mac OS X 10_14_6) AppleWebKit/537.36 (KHTML, like Gecko) Chrome/84.0.4147.135 Safari/537.36"
[2020-08-26T07:40:51.893] [INFO] access - ::1 - - "GET /index.css HTTP/1.1" 200 60 "http://localhost:3000/" "Mozilla/5.0 (Macintosh; Intel Mac OS X 10_14_6) AppleWebKit/537.36 (KHTML, like Gecko) Chrome/84.0.4147.135 Safari/537.36"
[2020-08-26T07:40:51.896] [INFO] access - ::1 - - "GET /koa.jpg HTTP/1.1" 200 50048 "http://localhost:3000/" "Mozilla/5.0 (Macintosh; Intel Mac OS X 10_14_6) AppleWebKit/537.36 (KHTML, like Gecko) Chrome/84.0.4147.135 Safari/537.36"
[2020-08-26T07:40:52.051] [INFO] access - ::1 - - "GET /favicon.ico HTTP/1.1" 404 - "http://localhost:3000/" "Mozilla/5.0 (Macintosh; Intel Mac OS X 10_14_6) AppleWebKit/537.36 (KHTML, like Gecko) Chrome/84.0.4147.135 Safari/537.36"
[2020-08-26T07:40:53.580] [INFO] access - ::1 - - "GET /userList HTTP/1.1" 200 2734 "http://localhost:3000/" "Mozilla/5.0 (Macintosh; Intel Mac OS X 10_14_6) AppleWebKit/537.36 (KHTML, like Gecko) Chrome/84.0.4147.135 Safari/537.36"
[2020-08-26T07:40:53.617] [INFO] access - ::1 - - "GET /index.css HTTP/1.1" 200 60 "http://localhost:3000/userList" "Mozilla/5.0 (Macintosh; Intel Mac OS X 10_14_6) AppleWebKit/537.36 (KHTML, like Gecko) Chrome/84.0.4147.135 Safari/537.36"
[2020-08-26T07:40:53.624] [INFO] access - ::1 - - "GET /jquery-3.5.1.min.js HTTP/1.1" 200 89475 "http://localhost:3000/userList" "Mozilla/5.0 (Macintosh; Intel Mac OS X 10_14_6) AppleWebKit/537.36 (KHTML, like Gecko) Chrome/84.0.4147.135 Safari/537.36"
[2020-08-26T07:41:06.772] [INFO] access - ::1 - - "GET /index.css HTTP/1.1" 200 60 "http://localhost:3000/userList" "Mozilla/5.0 (Macintosh; Intel Mac OS X 10_14_6) AppleWebKit/537.36 (KHTML, like Gecko) Chrome/84.0.4147.135 Safari/537.36"
[2020-08-26T07:44:40.496] [INFO] access - ::1 - - "GET /userList HTTP/1.1" 200 2734 "http://localhost:3000/" "Mozilla/5.0 (Macintosh; Intel Mac OS X 10_14_6) AppleWebKit/537.36 (KHTML, like Gecko) Chrome/84.0.4147.135 Safari/537.36"
[2020-08-26T07:44:40.570] [INFO] access - ::1 - - "GET /index.css HTTP/1.1" 200 60 "http://localhost:3000/userList" "Mozilla/5.0 (Macintosh; Intel Mac OS X 10_14_6) AppleWebKit/537.36 (KHTML, like Gecko) Chrome/84.0.4147.135 Safari/537.36"
[2020-08-26T07:44:40.571] [INFO] access - ::1 - - "GET /jquery-3.5.1.min.js HTTP/1.1" 200 89475 "http://localhost:3000/userList" "Mozilla/5.0 (Macintosh; Intel Mac OS X 10_14_6) AppleWebKit/537.36 (KHTML, like Gecko) Chrome/84.0.4147.135 Safari/537.36"
[2020-08-26T07:44:40.683] [INFO] access - ::1 - - "GET /userList HTTP/1.1" 200 2734 "http://localhost:3000/" "Mozilla/5.0 (Macintosh; Intel Mac OS X 10_14_6) AppleWebKit/537.36 (KHTML, like Gecko) Chrome/84.0.4147.135 Safari/537.36"
[2020-08-26T07:44:40.718] [INFO] access - ::1 - - "GET /index.css HTTP/1.1" 200 60 "http://localhost:3000/userList" "Mozilla/5.0 (Macintosh; Intel Mac OS X 10_14_6) AppleWebKit/537.36 (KHTML, like Gecko) Chrome/84.0.4147.135 Safari/537.36"
[2020-08-26T07:44:40.720] [INFO] access - ::1 - - "GET /jquery-3.5.1.min.js HTTP/1.1" 200 89475 "http://localhost:3000/userList" "Mozilla/5.0 (Macintosh; Intel Mac OS X 10_14_6) AppleWebKit/537.36 (KHTML, like Gecko) Chrome/84.0.4147.135 Safari/537.36"
[2020-08-26T07:46:04.776] [INFO] access - ::1 - - "GET /userList HTTP/1.1" 200 2734 "http://localhost:3000/" "Mozilla/5.0 (Macintosh; Intel Mac OS X 10_14_6) AppleWebKit/537.36 (KHTML, like Gecko) Chrome/84.0.4147.135 Safari/537.36"
[2020-08-26T07:46:04.826] [INFO] access - ::1 - - "GET /index.css HTTP/1.1" 200 60 "http://localhost:3000/userList" "Mozilla/5.0 (Macintosh; Intel Mac OS X 10_14_6) AppleWebKit/537.36 (KHTML, like Gecko) Chrome/84.0.4147.135 Safari/537.36"
[2020-08-26T07:46:04.827] [INFO] access - ::1 - - "GET /jquery-3.5.1.min.js HTTP/1.1" 200 89475 "http://localhost:3000/userList" "Mozilla/5.0 (Macintosh; Intel Mac OS X 10_14_6) AppleWebKit/537.36 (KHTML, like Gecko) Chrome/84.0.4147.135 Safari/537.36"
[2020-08-26T07:46:04.966] [INFO] access - ::1 - - "GET /userList HTTP/1.1" 200 2734 "http://localhost:3000/" "Mozilla/5.0 (Macintosh; Intel Mac OS X 10_14_6) AppleWebKit/537.36 (KHTML, like Gecko) Chrome/84.0.4147.135 Safari/537.36"
[2020-08-26T07:46:05.001] [INFO] access - ::1 - - "GET /index.css HTTP/1.1" 200 60 "http://localhost:3000/userList" "Mozilla/5.0 (Macintosh; Intel Mac OS X 10_14_6) AppleWebKit/537.36 (KHTML, like Gecko) Chrome/84.0.4147.135 Safari/537.36"
[2020-08-26T07:46:05.002] [INFO] access - ::1 - - "GET /jquery-3.5.1.min.js HTTP/1.1" 200 89475 "http://localhost:3000/userList" "Mozilla/5.0 (Macintosh; Intel Mac OS X 10_14_6) AppleWebKit/537.36 (KHTML, like Gecko) Chrome/84.0.4147.135 Safari/537.36"
[2020-08-26T07:46:10.553] [INFO] access - ::1 - - "GET /userList HTTP/1.1" 200 2734 "http://localhost:3000/" "Mozilla/5.0 (Macintosh; Intel Mac OS X 10_14_6) AppleWebKit/537.36 (KHTML, like Gecko) Chrome/84.0.4147.135 Safari/537.36"
[2020-08-26T07:46:10.608] [INFO] access - ::1 - - "GET /index.css HTTP/1.1" 200 60 "http://localhost:3000/userList" "Mozilla/5.0 (Macintosh; Intel Mac OS X 10_14_6) AppleWebKit/537.36 (KHTML, like Gecko) Chrome/84.0.4147.135 Safari/537.36"
[2020-08-26T07:46:10.612] [INFO] access - ::1 - - "GET /jquery-3.5.1.min.js HTTP/1.1" 200 89475 "http://localhost:3000/userList" "Mozilla/5.0 (Macintosh; Intel Mac OS X 10_14_6) AppleWebKit/537.36 (KHTML, like Gecko) Chrome/84.0.4147.135 Safari/537.36"
[2020-08-26T07:46:10.774] [INFO] access - ::1 - - "GET /userList HTTP/1.1" 200 2734 "http://localhost:3000/" "Mozilla/5.0 (Macintosh; Intel Mac OS X 10_14_6) AppleWebKit/537.36 (KHTML, like Gecko) Chrome/84.0.4147.135 Safari/537.36"
[2020-08-26T07:46:10.817] [INFO] access - ::1 - - "GET /index.css HTTP/1.1" 200 60 "http://localhost:3000/userList" "Mozilla/5.0 (Macintosh; Intel Mac OS X 10_14_6) AppleWebKit/537.36 (KHTML, like Gecko) Chrome/84.0.4147.135 Safari/537.36"
[2020-08-26T07:46:10.821] [INFO] access - ::1 - - "GET /jquery-3.5.1.min.js HTTP/1.1" 200 89475 "http://localhost:3000/userList" "Mozilla/5.0 (Macintosh; Intel Mac OS X 10_14_6) AppleWebKit/537.36 (KHTML, like Gecko) Chrome/84.0.4147.135 Safari/537.36"
[2020-08-26T08:10:47.271] [INFO] access - ::1 - - "GET /userList HTTP/1.1" 200 2734 "http://localhost:3000/" "Mozilla/5.0 (Macintosh; Intel Mac OS X 10_14_6) AppleWebKit/537.36 (KHTML, like Gecko) Chrome/84.0.4147.135 Safari/537.36"
[2020-08-26T08:10:47.336] [INFO] access - ::1 - - "GET /index.css HTTP/1.1" 200 60 "http://localhost:3000/userList" "Mozilla/5.0 (Macintosh; Intel Mac OS X 10_14_6) AppleWebKit/537.36 (KHTML, like Gecko) Chrome/84.0.4147.135 Safari/537.36"
[2020-08-26T08:10:47.338] [INFO] access - ::1 - - "GET /jquery-3.5.1.min.js HTTP/1.1" 200 89475 "http://localhost:3000/userList" "Mozilla/5.0 (Macintosh; Intel Mac OS X 10_14_6) AppleWebKit/537.36 (KHTML, like Gecko) Chrome/84.0.4147.135 Safari/537.36"
[2020-08-26T08:14:00.737] [INFO] access - ::1 - - "GET /userList HTTP/1.1" 200 2734 "http://localhost:3000/" "Mozilla/5.0 (Macintosh; Intel Mac OS X 10_14_6) AppleWebKit/537.36 (KHTML, like Gecko) Chrome/84.0.4147.135 Safari/537.36"
[2020-08-26T08:14:00.774] [INFO] access - ::1 - - "GET /index.css HTTP/1.1" 200 60 "http://localhost:3000/userList" "Mozilla/5.0 (Macintosh; Intel Mac OS X 10_14_6) AppleWebKit/537.36 (KHTML, like Gecko) Chrome/84.0.4147.135 Safari/537.36"
[2020-08-26T08:14:00.775] [INFO] access - ::1 - - "GET /jquery-3.5.1.min.js HTTP/1.1" 200 89475 "http://localhost:3000/userList" "Mozilla/5.0 (Macintosh; Intel Mac OS X 10_14_6) AppleWebKit/537.36 (KHTML, like Gecko) Chrome/84.0.4147.135 Safari/537.36"
[2020-08-26T08:17:20.628] [INFO] access - ::1 - - "GET /userList HTTP/1.1" 200 2734 "http://localhost:3000/" "Mozilla/5.0 (Macintosh; Intel Mac OS X 10_14_6) AppleWebKit/537.36 (KHTML, like Gecko) Chrome/84.0.4147.135 Safari/537.36"
[2020-08-26T08:17:20.683] [INFO] access - ::1 - - "GET /index.css HTTP/1.1" 200 60 "http://localhost:3000/userList" "Mozilla/5.0 (Macintosh; Intel Mac OS X 10_14_6) AppleWebKit/537.36 (KHTML, like Gecko) Chrome/84.0.4147.135 Safari/537.36"
[2020-08-26T08:17:20.683] [INFO] access - ::1 - - "GET /jquery-3.5.1.min.js HTTP/1.1" 200 89475 "http://localhost:3000/userList" "Mozilla/5.0 (Macintosh; Intel Mac OS X 10_14_6) AppleWebKit/537.36 (KHTML, like Gecko) Chrome/84.0.4147.135 Safari/537.36"
[2020-08-26T08:17:58.401] [INFO] access - ::1 - - "GET /userList HTTP/1.1" 200 2734 "http://localhost:3000/" "Mozilla/5.0 (Macintosh; Intel Mac OS X 10_14_6) AppleWebKit/537.36 (KHTML, like Gecko) Chrome/84.0.4147.135 Safari/537.36"
[2020-08-26T08:17:58.461] [INFO] access - ::1 - - "GET /index.css HTTP/1.1" 200 60 "http://localhost:3000/userList" "Mozilla/5.0 (Macintosh; Intel Mac OS X 10_14_6) AppleWebKit/537.36 (KHTML, like Gecko) Chrome/84.0.4147.135 Safari/537.36"
[2020-08-26T08:17:58.462] [INFO] access - ::1 - - "GET /jquery-3.5.1.min.js HTTP/1.1" 200 89475 "http://localhost:3000/userList" "Mozilla/5.0 (Macintosh; Intel Mac OS X 10_14_6) AppleWebKit/537.36 (KHTML, like Gecko) Chrome/84.0.4147.135 Safari/537.36"
[2020-08-26T08:17:58.654] [INFO] access - ::1 - - "GET /userList HTTP/1.1" 200 2734 "http://localhost:3000/" "Mozilla/5.0 (Macintosh; Intel Mac OS X 10_14_6) AppleWebKit/537.36 (KHTML, like Gecko) Chrome/84.0.4147.135 Safari/537.36"
[2020-08-26T08:17:58.698] [INFO] access - ::1 - - "GET /index.css HTTP/1.1" 200 60 "http://localhost:3000/userList" "Mozilla/5.0 (Macintosh; Intel Mac OS X 10_14_6) AppleWebKit/537.36 (KHTML, like Gecko) Chrome/84.0.4147.135 Safari/537.36"
[2020-08-26T08:17:58.704] [INFO] access - ::1 - - "GET /jquery-3.5.1.min.js HTTP/1.1" 200 89475 "http://localhost:3000/userList" "Mozilla/5.0 (Macintosh; Intel Mac OS X 10_14_6) AppleWebKit/537.36 (KHTML, like Gecko) Chrome/84.0.4147.135 Safari/537.36"
[2020-08-26T08:19:58.927] [INFO] access - ::1 - - "GET /userList HTTP/1.1" 200 2734 "http://localhost:3000/" "Mozilla/5.0 (Macintosh; Intel Mac OS X 10_14_6) AppleWebKit/537.36 (KHTML, like Gecko) Chrome/84.0.4147.135 Safari/537.36"
[2020-08-26T08:19:58.981] [INFO] access - ::1 - - "GET /index.css HTTP/1.1" 200 60 "http://localhost:3000/userList" "Mozilla/5.0 (Macintosh; Intel Mac OS X 10_14_6) AppleWebKit/537.36 (KHTML, like Gecko) Chrome/84.0.4147.135 Safari/537.36"
[2020-08-26T08:19:58.983] [INFO] access - ::1 - - "GET /jquery-3.5.1.min.js HTTP/1.1" 200 89475 "http://localhost:3000/userList" "Mozilla/5.0 (Macintosh; Intel Mac OS X 10_14_6) AppleWebKit/537.36 (KHTML, like Gecko) Chrome/84.0.4147.135 Safari/537.36"
[2020-08-26T08:21:30.141] [INFO] access - ::1 - - "GET /userList HTTP/1.1" 200 2734 "http://localhost:3000/" "Mozilla/5.0 (Macintosh; Intel Mac OS X 10_14_6) AppleWebKit/537.36 (KHTML, like Gecko) Chrome/84.0.4147.135 Safari/537.36"
[2020-08-26T08:21:30.188] [INFO] access - ::1 - - "GET /index.css HTTP/1.1" 200 60 "http://localhost:3000/userList" "Mozilla/5.0 (Macintosh; Intel Mac OS X 10_14_6) AppleWebKit/537.36 (KHTML, like Gecko) Chrome/84.0.4147.135 Safari/537.36"
[2020-08-26T08:21:30.188] [INFO] access - ::1 - - "GET /jquery-3.5.1.min.js HTTP/1.1" 200 89475 "http://localhost:3000/userList" "Mozilla/5.0 (Macintosh; Intel Mac OS X 10_14_6) AppleWebKit/537.36 (KHTML, like Gecko) Chrome/84.0.4147.135 Safari/537.36"
[2020-08-26T08:21:30.287] [INFO] access - ::1 - - "GET /user/list HTTP/1.1" 200 26 "http://localhost:3000/userList" "Mozilla/5.0 (Macintosh; Intel Mac OS X 10_14_6) AppleWebKit/537.36 (KHTML, like Gecko) Chrome/84.0.4147.135 Safari/537.36"
[2020-08-26T08:21:30.342] [INFO] access - ::1 - - "GET /userList HTTP/1.1" 200 2734 "http://localhost:3000/" "Mozilla/5.0 (Macintosh; Intel Mac OS X 10_14_6) AppleWebKit/537.36 (KHTML, like Gecko) Chrome/84.0.4147.135 Safari/537.36"
[2020-08-26T08:21:30.381] [INFO] access - ::1 - - "GET /index.css HTTP/1.1" 200 60 "http://localhost:3000/userList" "Mozilla/5.0 (Macintosh; Intel Mac OS X 10_14_6) AppleWebKit/537.36 (KHTML, like Gecko) Chrome/84.0.4147.135 Safari/537.36"
[2020-08-26T08:21:30.388] [INFO] access - ::1 - - "GET /jquery-3.5.1.min.js HTTP/1.1" 200 89475 "http://localhost:3000/userList" "Mozilla/5.0 (Macintosh; Intel Mac OS X 10_14_6) AppleWebKit/537.36 (KHTML, like Gecko) Chrome/84.0.4147.135 Safari/537.36"
[2020-08-26T08:21:30.486] [INFO] access - ::1 - - "GET /user/list HTTP/1.1" 200 26 "http://localhost:3000/userList" "Mozilla/5.0 (Macintosh; Intel Mac OS X 10_14_6) AppleWebKit/537.36 (KHTML, like Gecko) Chrome/84.0.4147.135 Safari/537.36"
[2020-08-26T08:21:39.968] [INFO] access - ::1 - - "POST /user/add HTTP/1.1" 200 242 "http://localhost:3000/userList" "Mozilla/5.0 (Macintosh; Intel Mac OS X 10_14_6) AppleWebKit/537.36 (KHTML, like Gecko) Chrome/84.0.4147.135 Safari/537.36"
[2020-08-26T08:21:39.978] [INFO] access - ::1 - - "GET /user/list HTTP/1.1" 200 276 "http://localhost:3000/userList" "Mozilla/5.0 (Macintosh; Intel Mac OS X 10_14_6) AppleWebKit/537.36 (KHTML, like Gecko) Chrome/84.0.4147.135 Safari/537.36"
[2020-08-26T08:21:39.992] [INFO] access - ::1 - - "GET /upload/upload_9c46911a20fbce30ac7da69a3149def0.jpg HTTP/1.1" 200 19404 "http://localhost:3000/userList" "Mozilla/5.0 (Macintosh; Intel Mac OS X 10_14_6) AppleWebKit/537.36 (KHTML, like Gecko) Chrome/84.0.4147.135 Safari/537.36"
[2020-08-26T08:25:08.409] [INFO] access - ::1 - - "GET /userList HTTP/1.1" 200 2734 "http://localhost:3000/" "Mozilla/5.0 (Macintosh; Intel Mac OS X 10_14_6) AppleWebKit/537.36 (KHTML, like Gecko) Chrome/84.0.4147.135 Safari/537.36"
[2020-08-26T08:25:08.468] [INFO] access - ::1 - - "GET /index.css HTTP/1.1" 200 60 "http://localhost:3000/userList" "Mozilla/5.0 (Macintosh; Intel Mac OS X 10_14_6) AppleWebKit/537.36 (KHTML, like Gecko) Chrome/84.0.4147.135 Safari/537.36"
[2020-08-26T08:25:08.469] [INFO] access - ::1 - - "GET /jquery-3.5.1.min.js HTTP/1.1" 200 89475 "http://localhost:3000/userList" "Mozilla/5.0 (Macintosh; Intel Mac OS X 10_14_6) AppleWebKit/537.36 (KHTML, like Gecko) Chrome/84.0.4147.135 Safari/537.36"
[2020-08-26T08:25:41.440] [INFO] access - ::1 - - "GET /userList HTTP/1.1" 200 2734 "http://localhost:3000/" "Mozilla/5.0 (Macintosh; Intel Mac OS X 10_14_6) AppleWebKit/537.36 (KHTML, like Gecko) Chrome/84.0.4147.135 Safari/537.36"
[2020-08-26T08:25:41.495] [INFO] access - ::1 - - "GET /index.css HTTP/1.1" 200 60 "http://localhost:3000/userList" "Mozilla/5.0 (Macintosh; Intel Mac OS X 10_14_6) AppleWebKit/537.36 (KHTML, like Gecko) Chrome/84.0.4147.135 Safari/537.36"
[2020-08-26T08:25:41.496] [INFO] access - ::1 - - "GET /jquery-3.5.1.min.js HTTP/1.1" 200 89475 "http://localhost:3000/userList" "Mozilla/5.0 (Macintosh; Intel Mac OS X 10_14_6) AppleWebKit/537.36 (KHTML, like Gecko) Chrome/84.0.4147.135 Safari/537.36"
[2020-08-26T08:42:00.168] [INFO] access - ::1 - - "GET /userList HTTP/1.1" 200 2734 "http://localhost:3000/" "Mozilla/5.0 (Macintosh; Intel Mac OS X 10_14_6) AppleWebKit/537.36 (KHTML, like Gecko) Chrome/84.0.4147.135 Safari/537.36"
[2020-08-26T08:42:00.227] [INFO] access - ::1 - - "GET /index.css HTTP/1.1" 200 60 "http://localhost:3000/userList" "Mozilla/5.0 (Macintosh; Intel Mac OS X 10_14_6) AppleWebKit/537.36 (KHTML, like Gecko) Chrome/84.0.4147.135 Safari/537.36"
[2020-08-26T08:42:00.229] [INFO] access - ::1 - - "GET /jquery-3.5.1.min.js HTTP/1.1" 200 89475 "http://localhost:3000/userList" "Mozilla/5.0 (Macintosh; Intel Mac OS X 10_14_6) AppleWebKit/537.36 (KHTML, like Gecko) Chrome/84.0.4147.135 Safari/537.36"
[2020-08-26T08:42:00.310] [INFO] access - ::1 - - "GET /user/list HTTP/1.1" 200 276 "http://localhost:3000/userList" "Mozilla/5.0 (Macintosh; Intel Mac OS X 10_14_6) AppleWebKit/537.36 (KHTML, like Gecko) Chrome/84.0.4147.135 Safari/537.36"
[2020-08-26T08:42:00.330] [INFO] access - ::1 - - "GET /upload/upload_9c46911a20fbce30ac7da69a3149def0.jpg HTTP/1.1" 200 19404 "http://localhost:3000/userList" "Mozilla/5.0 (Macintosh; Intel Mac OS X 10_14_6) AppleWebKit/537.36 (KHTML, like Gecko) Chrome/84.0.4147.135 Safari/537.36"
[2020-08-26T08:42:15.660] [INFO] access - ::1 - - "GET /user/detail/5f45ab139d61e921136358e6 HTTP/1.1" 200 242 "http://localhost:3000/userList" "Mozilla/5.0 (Macintosh; Intel Mac OS X 10_14_6) AppleWebKit/537.36 (KHTML, like Gecko) Chrome/84.0.4147.135 Safari/537.36"
[2020-08-26T08:42:30.026] [INFO] access - ::1 - - "POST /user/add HTTP/1.1" 200 242 "http://localhost:3000/userList" "Mozilla/5.0 (Macintosh; Intel Mac OS X 10_14_6) AppleWebKit/537.36 (KHTML, like Gecko) Chrome/84.0.4147.135 Safari/537.36"
[2020-08-26T08:42:30.040] [INFO] access - ::1 - - "GET /user/list HTTP/1.1" 200 527 "http://localhost:3000/userList" "Mozilla/5.0 (Macintosh; Intel Mac OS X 10_14_6) AppleWebKit/537.36 (KHTML, like Gecko) Chrome/84.0.4147.135 Safari/537.36"
[2020-08-26T08:42:30.056] [INFO] access - ::1 - - "GET /upload/upload_9c46911a20fbce30ac7da69a3149def0.jpg HTTP/1.1" 200 19404 "http://localhost:3000/userList" "Mozilla/5.0 (Macintosh; Intel Mac OS X 10_14_6) AppleWebKit/537.36 (KHTML, like Gecko) Chrome/84.0.4147.135 Safari/537.36"
[2020-08-26T08:42:30.064] [INFO] access - ::1 - - "GET /upload/upload_087938203a66b6f1fb9e9b3332f7f88e.png HTTP/1.1" 200 23860 "http://localhost:3000/userList" "Mozilla/5.0 (Macintosh; Intel Mac OS X 10_14_6) AppleWebKit/537.36 (KHTML, like Gecko) Chrome/84.0.4147.135 Safari/537.36"
[2020-08-26T08:44:18.333] [INFO] access - ::1 - - "GET /userList HTTP/1.1" 200 2734 "http://localhost:3000/" "Mozilla/5.0 (Macintosh; Intel Mac OS X 10_14_6) AppleWebKit/537.36 (KHTML, like Gecko) Chrome/84.0.4147.135 Safari/537.36"
[2020-08-26T08:44:18.370] [INFO] access - ::1 - - "GET /index.css HTTP/1.1" 200 60 "http://localhost:3000/userList" "Mozilla/5.0 (Macintosh; Intel Mac OS X 10_14_6) AppleWebKit/537.36 (KHTML, like Gecko) Chrome/84.0.4147.135 Safari/537.36"
[2020-08-26T08:44:18.381] [INFO] access - ::1 - - "GET /jquery-3.5.1.min.js HTTP/1.1" 200 89475 "http://localhost:3000/userList" "Mozilla/5.0 (Macintosh; Intel Mac OS X 10_14_6) AppleWebKit/537.36 (KHTML, like Gecko) Chrome/84.0.4147.135 Safari/537.36"
[2020-08-26T08:44:18.466] [INFO] access - ::1 - - "GET /user/list HTTP/1.1" 200 527 "http://localhost:3000/userList" "Mozilla/5.0 (Macintosh; Intel Mac OS X 10_14_6) AppleWebKit/537.36 (KHTML, like Gecko) Chrome/84.0.4147.135 Safari/537.36"
[2020-08-26T08:44:18.505] [INFO] access - ::1 - - "GET /upload/upload_9c46911a20fbce30ac7da69a3149def0.jpg HTTP/1.1" 200 19404 "http://localhost:3000/userList" "Mozilla/5.0 (Macintosh; Intel Mac OS X 10_14_6) AppleWebKit/537.36 (KHTML, like Gecko) Chrome/84.0.4147.135 Safari/537.36"
[2020-08-26T08:44:18.510] [INFO] access - ::1 - - "GET /upload/upload_087938203a66b6f1fb9e9b3332f7f88e.png HTTP/1.1" 200 23860 "http://localhost:3000/userList" "Mozilla/5.0 (Macintosh; Intel Mac OS X 10_14_6) AppleWebKit/537.36 (KHTML, like Gecko) Chrome/84.0.4147.135 Safari/537.36"
[2020-08-26T08:44:29.602] [INFO] access - ::1 - - "GET /userList HTTP/1.1" 200 2734 "http://localhost:3000/" "Mozilla/5.0 (Macintosh; Intel Mac OS X 10_14_6) AppleWebKit/537.36 (KHTML, like Gecko) Chrome/84.0.4147.135 Safari/537.36"
[2020-08-26T08:44:29.646] [INFO] access - ::1 - - "GET /index.css HTTP/1.1" 200 60 "http://localhost:3000/userList" "Mozilla/5.0 (Macintosh; Intel Mac OS X 10_14_6) AppleWebKit/537.36 (KHTML, like Gecko) Chrome/84.0.4147.135 Safari/537.36"
[2020-08-26T08:44:29.649] [INFO] access - ::1 - - "GET /jquery-3.5.1.min.js HTTP/1.1" 200 89475 "http://localhost:3000/userList" "Mozilla/5.0 (Macintosh; Intel Mac OS X 10_14_6) AppleWebKit/537.36 (KHTML, like Gecko) Chrome/84.0.4147.135 Safari/537.36"
[2020-08-26T08:44:29.738] [INFO] access - ::1 - - "GET /user/list HTTP/1.1" 200 527 "http://localhost:3000/userList" "Mozilla/5.0 (Macintosh; Intel Mac OS X 10_14_6) AppleWebKit/537.36 (KHTML, like Gecko) Chrome/84.0.4147.135 Safari/537.36"
[2020-08-26T08:44:29.767] [INFO] access - ::1 - - "GET /upload/upload_9c46911a20fbce30ac7da69a3149def0.jpg HTTP/1.1" 200 19404 "http://localhost:3000/userList" "Mozilla/5.0 (Macintosh; Intel Mac OS X 10_14_6) AppleWebKit/537.36 (KHTML, like Gecko) Chrome/84.0.4147.135 Safari/537.36"
[2020-08-26T08:44:29.770] [INFO] access - ::1 - - "GET /upload/upload_087938203a66b6f1fb9e9b3332f7f88e.png HTTP/1.1" 200 23860 "http://localhost:3000/userList" "Mozilla/5.0 (Macintosh; Intel Mac OS X 10_14_6) AppleWebKit/537.36 (KHTML, like Gecko) Chrome/84.0.4147.135 Safari/537.36"
